20/01/2016 11:45:11.529 [INFO] - org.vituchon.linkexplorer.api.Api#main : Last status is Null status
20/01/2016 11:45:12.042 [INFO] - org.vituchon.linkexplorer.api.Api#main : Last status is In phase  : INSPECT
Procesing : 1
	http://www.chau.hol.es                                                                              |In phase FECHT -> 0 of 0 : 0%.                    

20/01/2016 11:45:12.543 [INFO] - org.vituchon.linkexplorer.api.Api#main : Last status is In phase  : INSPECT
Procesing : 1
	http://www.chau.hol.es                                                                              |In phase FECHT -> 0 of 262 : 0%.                  

20/01/2016 11:45:12.770 [INFO] - org.vituchon.linkexplorer.domain.model.procedure.composite.artifacts.MultiPageLinkInspector#askNextUrl : Inspection worker worker_4 will take ....
20/01/2016 11:45:12.771 [INFO] - org.vituchon.linkexplorer.domain.model.procedure.composite.artifacts.MultiPageLinkInspector#askNextUrl : Inspection worker worker_5 will take ....
20/01/2016 11:45:12.770 [INFO] - org.vituchon.linkexplorer.domain.model.procedure.composite.artifacts.MultiPageLinkInspector#askNextUrl : Inspection worker worker_2 will take ....
20/01/2016 11:45:12.772 [INFO] - org.vituchon.linkexplorer.domain.model.procedure.composite.artifacts.MultiPageLinkInspector#askNextUrl : Inspection worker worker_4 will take http://www.chau.hol.es/main.html
20/01/2016 11:45:12.770 [INFO] - org.vituchon.linkexplorer.domain.model.procedure.composite.artifacts.MultiPageLinkInspector#askNextUrl : Inspection worker worker_2 will take http://www.chau.hol.es/about.html
20/01/2016 11:45:12.769 [INFO] - org.vituchon.linkexplorer.domain.model.procedure.composite.artifacts.MultiPageLinkInspector#askNextUrl : Inspection worker worker_3 will take ....
20/01/2016 11:45:12.771 [INFO] - org.vituchon.linkexplorer.domain.model.procedure.composite.artifacts.MultiPageLinkInspector#askNextUrl : Inspection worker worker_1 will take ....
20/01/2016 11:45:12.770 [INFO] - org.vituchon.linkexplorer.domain.model.procedure.composite.artifacts.MultiPageLinkInspector#fillMap : Waiting fot the inspector worker executor servive to finish 1 ...
20/01/2016 11:45:12.771 [INFO] - org.vituchon.linkexplorer.domain.model.procedure.composite.artifacts.MultiPageLinkInspector#askNextUrl : Inspection worker worker_5 will take http://www.chau.hol.es/./news/index.html
20/01/2016 11:45:13.046 [INFO] - org.vituchon.linkexplorer.api.Api#main : Last status is In phase  : INSPECT
Procesing : 4
	http://www.chau.hol.es/main.html                                                                    |In phase FECHT -> 0 of 0 : 0%.                    
	http://www.chau.hol.es/./news/index.html                                                            |In phase FECHT -> 0 of 0 : 0%.                    
	http://www.chau.hol.es                                                                              |In phase DONE -> 262 of 262 : 100%.               
	http://www.chau.hol.es/about.html                                                                   |In phase FECHT -> 0 of 0 : 0%.                    

20/01/2016 11:45:13.548 [INFO] - org.vituchon.linkexplorer.api.Api#main : Last status is In phase  : INSPECT
Procesing : 4
	http://www.chau.hol.es/main.html                                                                    |In phase FECHT -> 0 of 66 : 0%.                   
	http://www.chau.hol.es/./news/index.html                                                            |In phase FECHT -> 0 of 191 : 0%.                  
	http://www.chau.hol.es                                                                              |In phase DONE -> 262 of 262 : 100%.               
	http://www.chau.hol.es/about.html                                                                   |In phase FECHT -> 0 of 102 : 0%.                  

20/01/2016 11:45:13.664 [INFO] - org.vituchon.linkexplorer.domain.model.procedure.composite.artifacts.InspectorWorker#call : Worker worker_4 found in http://www.chau.hol.es/main.html these links : []
20/01/2016 11:45:13.664 [INFO] - org.vituchon.linkexplorer.domain.model.procedure.composite.artifacts.MultiPageLinkInspector#askNextUrl : Inspection worker worker_4 will take ....
20/01/2016 11:45:13.904 [INFO] - org.vituchon.linkexplorer.domain.model.procedure.composite.artifacts.InspectorWorker#call : Worker worker_2 found in http://www.chau.hol.es/about.html these links : [http://www.chau.hol.es/index.html]
20/01/2016 11:45:13.904 [INFO] - org.vituchon.linkexplorer.domain.model.procedure.composite.artifacts.MultiPageLinkInspector#askNextUrl : Inspection worker worker_2 will take ....
20/01/2016 11:45:13.904 [INFO] - org.vituchon.linkexplorer.domain.model.procedure.composite.artifacts.MultiPageLinkInspector#askNextUrl : Inspection worker worker_3 will take http://www.chau.hol.es/index.html
20/01/2016 11:45:13.924 [INFO] - org.vituchon.linkexplorer.domain.model.procedure.composite.artifacts.InspectorWorker#call : Worker worker_5 found in http://www.chau.hol.es/./news/index.html these links : [http://www.chau.hol.es/index.html, http://www.chau.hol.es/news/news_1.html, http://www.chau.hol.es/news/news_2.html]
20/01/2016 11:45:13.924 [INFO] - org.vituchon.linkexplorer.domain.model.procedure.composite.artifacts.MultiPageLinkInspector#askNextUrl : Inspection worker worker_2 will take http://www.chau.hol.es/news/news_2.html
20/01/2016 11:45:13.924 [INFO] - org.vituchon.linkexplorer.domain.model.procedure.composite.artifacts.MultiPageLinkInspector#askNextUrl : Inspection worker worker_5 will take ....
20/01/2016 11:45:13.924 [INFO] - org.vituchon.linkexplorer.domain.model.procedure.composite.artifacts.MultiPageLinkInspector#askNextUrl : Inspection worker worker_4 will take http://www.chau.hol.es/news/news_1.html
20/01/2016 11:45:13.924 [INFO] - org.vituchon.linkexplorer.domain.model.procedure.composite.artifacts.MultiPageLinkInspector#askNextUrl : Inspection worker worker_1 will take http://www.chau.hol.es/index.html
20/01/2016 11:45:14.050 [INFO] - org.vituchon.linkexplorer.api.Api#main : Last status is In phase  : INSPECT
Procesing : 7
	http://www.chau.hol.es/main.html                                                                    |In phase FECHT -> 66 of 66 : 100%.                
	http://www.chau.hol.es/./news/index.html                                                            |In phase DONE -> 191 of 191 : 100%.               
	http://www.chau.hol.es                                                                              |In phase DONE -> 262 of 262 : 100%.               
	http://www.chau.hol.es/index.html                                                                   |In phase FECHT -> 0 of 0 : 0%.                    
	http://www.chau.hol.es/news/news_1.html                                                             |In phase FECHT -> 66 of 66 : 100%.                
	http://www.chau.hol.es/news/news_2.html                                                             |In phase FECHT -> 102 of 102 : 100%.              
	http://www.chau.hol.es/about.html                                                                   |In phase FECHT -> 102 of 102 : 100%.              

20/01/2016 11:45:14.551 [INFO] - org.vituchon.linkexplorer.api.Api#main : Last status is In phase  : INSPECT
Procesing : 7
	http://www.chau.hol.es/main.html                                                                    |In phase FECHT -> 0 of 68 : 0%.                   
	http://www.chau.hol.es/./news/index.html                                                            |In phase DONE -> 191 of 191 : 100%.               
	http://www.chau.hol.es                                                                              |In phase DONE -> 262 of 262 : 100%.               
	http://www.chau.hol.es/index.html                                                                   |In phase FECHT -> 0 of 262 : 0%.                  
	http://www.chau.hol.es/news/news_1.html                                                             |In phase FECHT -> 0 of 68 : 0%.                   
	http://www.chau.hol.es/news/news_2.html                                                             |In phase FECHT -> 0 of 102 : 0%.                  
	http://www.chau.hol.es/about.html                                                                   |In phase FECHT -> 0 of 102 : 0%.                  

20/01/2016 11:45:14.745 [INFO] - org.vituchon.linkexplorer.domain.model.procedure.composite.artifacts.InspectorWorker#call : Worker worker_3 found in http://www.chau.hol.es/index.html these links : [http://www.chau.hol.es/main.html, http://www.chau.hol.es/news/index.html, http://www.chau.hol.es/about.html]
20/01/2016 11:45:14.745 [INFO] - org.vituchon.linkexplorer.domain.model.procedure.composite.artifacts.MultiPageLinkInspector#askNextUrl : Inspection worker worker_3 will take ....
20/01/2016 11:45:14.745 [INFO] - org.vituchon.linkexplorer.domain.model.procedure.composite.artifacts.MultiPageLinkInspector#askNextUrl : Inspection worker worker_5 will take http://www.chau.hol.es/main.html
20/01/2016 11:45:14.745 [INFO] - org.vituchon.linkexplorer.domain.model.procedure.composite.artifacts.MultiPageLinkInspector#askNextUrl : Inspection worker worker_3 will take http://www.chau.hol.es/news/index.html
20/01/2016 11:45:14.787 [INFO] - org.vituchon.linkexplorer.domain.model.procedure.composite.artifacts.InspectorWorker#call : Worker worker_1 found in http://www.chau.hol.es/index.html these links : [http://www.chau.hol.es/main.html, http://www.chau.hol.es/news/index.html, http://www.chau.hol.es/about.html]
20/01/2016 11:45:14.787 [INFO] - org.vituchon.linkexplorer.domain.model.procedure.composite.artifacts.InspectorWorker#call : Worker worker_2 found in http://www.chau.hol.es/news/news_2.html these links : [http://www.chau.hol.es/news/archivo.html]
20/01/2016 11:45:14.787 [INFO] - org.vituchon.linkexplorer.domain.model.procedure.composite.artifacts.MultiPageLinkInspector#askNextUrl : Inspection worker worker_2 will take ....
20/01/2016 11:45:14.787 [INFO] - org.vituchon.linkexplorer.domain.model.procedure.composite.artifacts.MultiPageLinkInspector#askNextUrl : Inspection worker worker_2 will take http://www.chau.hol.es/about.html
20/01/2016 11:45:15.053 [INFO] - org.vituchon.linkexplorer.api.Api#main : Last status is In phase  : INSPECT
Procesing : 7
	http://www.chau.hol.es/main.html                                                                    |In phase FECHT -> 0 of 66 : 0%.                   
	http://www.chau.hol.es/./news/index.html                                                            |In phase FECHT -> 0 of 66 : 0%.                   
	http://www.chau.hol.es                                                                              |In phase DONE -> 262 of 262 : 100%.               
	http://www.chau.hol.es/index.html                                                                   |In phase DONE -> 262 of 262 : 100%.               
	http://www.chau.hol.es/news/news_1.html                                                             |In phase FECHT -> 0 of 68 : 0%.                   
	http://www.chau.hol.es/news/news_2.html                                                             |In phase FECHT -> 102 of 102 : 100%.              
	http://www.chau.hol.es/about.html                                                                   |In phase FECHT -> 102 of 102 : 100%.              

20/01/2016 11:45:15.107 [INFO] - org.vituchon.linkexplorer.domain.model.procedure.composite.artifacts.InspectorWorker#call : Worker worker_4 found in http://www.chau.hol.es/news/news_1.html these links : []
20/01/2016 11:45:15.107 [INFO] - org.vituchon.linkexplorer.domain.model.procedure.composite.artifacts.MultiPageLinkInspector#askNextUrl : Inspection worker worker_4 will take ....
20/01/2016 11:45:15.107 [INFO] - org.vituchon.linkexplorer.domain.model.procedure.composite.artifacts.MultiPageLinkInspector#askNextUrl : Inspection worker worker_4 will take http://www.chau.hol.es/news/archivo.html
20/01/2016 11:45:15.327 [INFO] - org.vituchon.linkexplorer.domain.model.procedure.composite.artifacts.InspectorWorker#call : Worker worker_5 found in http://www.chau.hol.es/main.html these links : []
20/01/2016 11:45:15.327 [INFO] - org.vituchon.linkexplorer.domain.model.procedure.composite.artifacts.MultiPageLinkInspector#askNextUrl : Inspection worker worker_5 will take ....
20/01/2016 11:45:15.554 [INFO] - org.vituchon.linkexplorer.api.Api#main : Last status is In phase  : INSPECT
Procesing : 7
	http://www.chau.hol.es/main.html                                                                    |In phase DONE -> 0 of 0 : 0%.                     
	http://www.chau.hol.es/./news/index.html                                                            |In phase DONE -> 0 of 0 : 0%.                     
	http://www.chau.hol.es                                                                              |In phase DONE -> 262 of 262 : 100%.               
	http://www.chau.hol.es/index.html                                                                   |In phase DONE -> 262 of 262 : 100%.               
	http://www.chau.hol.es/news/news_1.html                                                             |In phase DONE -> 0 of 0 : 0%.                     
	http://www.chau.hol.es/news/news_2.html                                                             |In phase FECHT -> 0 of 102 : 0%.                  
	http://www.chau.hol.es/about.html                                                                   |In phase FECHT -> 0 of 102 : 0%.                  

20/01/2016 11:45:15.628 [INFO] - org.vituchon.linkexplorer.domain.model.procedure.composite.artifacts.InspectorWorker#call : Worker worker_2 found in http://www.chau.hol.es/about.html these links : [http://www.chau.hol.es/index.html]
20/01/2016 11:45:16.055 [INFO] - org.vituchon.linkexplorer.api.Api#main : Last status is In phase  : INSPECT
Procesing : 7
	http://www.chau.hol.es/main.html                                                                    |In phase DONE -> 0 of 0 : 0%.                     
	http://www.chau.hol.es/./news/index.html                                                            |In phase DONE -> 0 of 0 : 0%.                     
	http://www.chau.hol.es                                                                              |In phase DONE -> 262 of 262 : 100%.               
	http://www.chau.hol.es/index.html                                                                   |In phase DONE -> 262 of 262 : 100%.               
	http://www.chau.hol.es/news/news_1.html                                                             |In phase DONE -> 0 of 0 : 0%.                     
	http://www.chau.hol.es/news/news_2.html                                                             |In phase DONE -> 0 of 0 : 0%.                     
	http://www.chau.hol.es/about.html                                                                   |In phase DONE -> 0 of 0 : 0%.                     

20/01/2016 11:45:16.556 [INFO] - org.vituchon.linkexplorer.api.Api#main : Last status is In phase  : INSPECT
Procesing : 7
	http://www.chau.hol.es/main.html                                                                    |In phase DONE -> 0 of 0 : 0%.                     
	http://www.chau.hol.es/./news/index.html                                                            |In phase DONE -> 0 of 0 : 0%.                     
	http://www.chau.hol.es                                                                              |In phase DONE -> 262 of 262 : 100%.               
	http://www.chau.hol.es/index.html                                                                   |In phase DONE -> 262 of 262 : 100%.               
	http://www.chau.hol.es/news/news_1.html                                                             |In phase DONE -> 0 of 0 : 0%.                     
	http://www.chau.hol.es/news/news_2.html                                                             |In phase DONE -> 0 of 0 : 0%.                     
	http://www.chau.hol.es/about.html                                                                   |In phase DONE -> 0 of 0 : 0%.                     

20/01/2016 11:45:17.057 [INFO] - org.vituchon.linkexplorer.api.Api#main : Last status is In phase  : INSPECT
Procesing : 7
	http://www.chau.hol.es/main.html                                                                    |In phase DONE -> 0 of 0 : 0%.                     
	http://www.chau.hol.es/./news/index.html                                                            |In phase DONE -> 0 of 0 : 0%.                     
	http://www.chau.hol.es                                                                              |In phase DONE -> 262 of 262 : 100%.               
	http://www.chau.hol.es/index.html                                                                   |In phase DONE -> 262 of 262 : 100%.               
	http://www.chau.hol.es/news/news_1.html                                                             |In phase DONE -> 0 of 0 : 0%.                     
	http://www.chau.hol.es/news/news_2.html                                                             |In phase DONE -> 0 of 0 : 0%.                     
	http://www.chau.hol.es/about.html                                                                   |In phase DONE -> 0 of 0 : 0%.                     

20/01/2016 11:45:17.328 [INFO] - org.vituchon.linkexplorer.domain.model.procedure.composite.artifacts.MultiPageLinkInspector#askNextUrl : Inspection worker worker_5 will take null
20/01/2016 11:45:17.328 [INFO] - org.vituchon.linkexplorer.domain.model.procedure.composite.artifacts.MultiPageLinkInspector#fillMap : Inspector worker executor servive to status after waiting 1 is : finish = true
20/01/2016 11:45:17.328 [INFO] - org.vituchon.linkexplorer.api.UrlExplorer#recieve : Process finish without error
20/01/2016 11:45:17.569 [INFO] - org.vituchon.linkexplorer.api.Api#main : Last status is In phase  : DONE
Procesing : 7
	http://www.chau.hol.es/main.html                                                                    |In phase DONE -> 0 of 0 : 0%.                     
	http://www.chau.hol.es/./news/index.html                                                            |In phase DONE -> 0 of 0 : 0%.                     
	http://www.chau.hol.es                                                                              |In phase DONE -> 262 of 262 : 100%.               
	http://www.chau.hol.es/index.html                                                                   |In phase DONE -> 262 of 262 : 100%.               
	http://www.chau.hol.es/news/news_1.html                                                             |In phase DONE -> 0 of 0 : 0%.                     
	http://www.chau.hol.es/news/news_2.html                                                             |In phase DONE -> 0 of 0 : 0%.                     
	http://www.chau.hol.es/about.html                                                                   |In phase DONE -> 0 of 0 : 0%.                     

